<?xml version="1.0" encoding="UTF-8"?><testrun name="com.mouhcine.SpringBootAPiEmployeeManagement" project="Spring-Boot-APi-Employee-Management-master" tests="6" started="0" failures="0" errors="1" ignored="0">
  <testsuite name="com.mouhcine.SpringBootAPiEmployeeManagement.SpringBootAPiEmployeeManagementApplicationTests" incomplete="true" displayname="SpringBootAPiEmployeeManagementApplicationTests" uniqueid="[engine:junit-jupiter]/[class:com.mouhcine.SpringBootAPiEmployeeManagement.SpringBootAPiEmployeeManagementApplicationTests]">
    <error>java.lang.IllegalStateException: Could not load CacheAwareContextLoaderDelegate [org.springframework.test.context.cache.DefaultCacheAwareContextLoaderDelegate]&#13;
	at org.springframework.test.context.BootstrapUtils.createCacheAwareContextLoaderDelegate(BootstrapUtils.java:104)&#13;
	at org.springframework.test.context.BootstrapUtils.createBootstrapContext(BootstrapUtils.java:77)&#13;
	at org.springframework.test.context.BootstrapUtils.resolveTestContextBootstrapper(BootstrapUtils.java:126)&#13;
	at org.springframework.test.context.TestContextManager.&lt;init&gt;(TestContextManager.java:126)&#13;
	at org.junit.jupiter.engine.execution.ExtensionValuesStore.lambda$getOrComputeIfAbsent$4(ExtensionValuesStore.java:86)&#13;
	at org.junit.jupiter.engine.execution.ExtensionValuesStore$MemoizingSupplier.computeValue(ExtensionValuesStore.java:223)&#13;
	at org.junit.jupiter.engine.execution.ExtensionValuesStore$MemoizingSupplier.get(ExtensionValuesStore.java:211)&#13;
	at org.junit.jupiter.engine.execution.ExtensionValuesStore$StoredValue.evaluate(ExtensionValuesStore.java:191)&#13;
	at org.junit.jupiter.engine.execution.ExtensionValuesStore$StoredValue.access$100(ExtensionValuesStore.java:171)&#13;
	at org.junit.jupiter.engine.execution.ExtensionValuesStore.getOrComputeIfAbsent(ExtensionValuesStore.java:89)&#13;
	at org.junit.jupiter.engine.execution.ExtensionValuesStore.getOrComputeIfAbsent(ExtensionValuesStore.java:93)&#13;
	at org.junit.jupiter.engine.execution.NamespaceAwareStore.getOrComputeIfAbsent(NamespaceAwareStore.java:61)&#13;
	at org.springframework.test.context.junit.jupiter.SpringExtension.getTestContextManager(SpringExtension.java:366)&#13;
	at org.springframework.test.context.junit.jupiter.SpringExtension.beforeAll(SpringExtension.java:131)&#13;
	at org.junit.jupiter.engine.descriptor.ClassBasedTestDescriptor.lambda$invokeBeforeAllCallbacks$10(ClassBasedTestDescriptor.java:381)&#13;
	at org.junit.platform.engine.support.hierarchical.ThrowableCollector.execute(ThrowableCollector.java:73)&#13;
	at org.junit.jupiter.engine.descriptor.ClassBasedTestDescriptor.invokeBeforeAllCallbacks(ClassBasedTestDescriptor.java:381)&#13;
	at org.junit.jupiter.engine.descriptor.ClassBasedTestDescriptor.before(ClassBasedTestDescriptor.java:205)&#13;
	at org.junit.jupiter.engine.descriptor.ClassBasedTestDescriptor.before(ClassBasedTestDescriptor.java:80)&#13;
	at org.junit.platform.engine.support.hierarchical.NodeTestTask.lambda$executeRecursively$6(NodeTestTask.java:148)&#13;
	at org.junit.platform.engine.support.hierarchical.ThrowableCollector.execute(ThrowableCollector.java:73)&#13;
	at org.junit.platform.engine.support.hierarchical.NodeTestTask.lambda$executeRecursively$8(NodeTestTask.java:141)&#13;
	at org.junit.platform.engine.support.hierarchical.Node.around(Node.java:137)&#13;
	at org.junit.platform.engine.support.hierarchical.NodeTestTask.lambda$executeRecursively$9(NodeTestTask.java:139)&#13;
	at org.junit.platform.engine.support.hierarchical.ThrowableCollector.execute(ThrowableCollector.java:73)&#13;
	at org.junit.platform.engine.support.hierarchical.NodeTestTask.executeRecursively(NodeTestTask.java:138)&#13;
	at org.junit.platform.engine.support.hierarchical.NodeTestTask.execute(NodeTestTask.java:95)&#13;
	at java.base/java.util.ArrayList.forEach(ArrayList.java:1511)&#13;
	at org.junit.platform.engine.support.hierarchical.SameThreadHierarchicalTestExecutorService.invokeAll(SameThreadHierarchicalTestExecutorService.java:41)&#13;
	at org.junit.platform.engine.support.hierarchical.NodeTestTask.lambda$executeRecursively$6(NodeTestTask.java:155)&#13;
	at org.junit.platform.engine.support.hierarchical.ThrowableCollector.execute(ThrowableCollector.java:73)&#13;
	at org.junit.platform.engine.support.hierarchical.NodeTestTask.lambda$executeRecursively$8(NodeTestTask.java:141)&#13;
	at org.junit.platform.engine.support.hierarchical.Node.around(Node.java:137)&#13;
	at org.junit.platform.engine.support.hierarchical.NodeTestTask.lambda$executeRecursively$9(NodeTestTask.java:139)&#13;
	at org.junit.platform.engine.support.hierarchical.ThrowableCollector.execute(ThrowableCollector.java:73)&#13;
	at org.junit.platform.engine.support.hierarchical.NodeTestTask.executeRecursively(NodeTestTask.java:138)&#13;
	at org.junit.platform.engine.support.hierarchical.NodeTestTask.execute(NodeTestTask.java:95)&#13;
	at org.junit.platform.engine.support.hierarchical.SameThreadHierarchicalTestExecutorService.submit(SameThreadHierarchicalTestExecutorService.java:35)&#13;
	at org.junit.platform.engine.support.hierarchical.HierarchicalTestExecutor.execute(HierarchicalTestExecutor.java:57)&#13;
	at org.junit.platform.engine.support.hierarchical.HierarchicalTestEngine.execute(HierarchicalTestEngine.java:54)&#13;
	at org.junit.platform.launcher.core.EngineExecutionOrchestrator.execute(EngineExecutionOrchestrator.java:107)&#13;
	at org.junit.platform.launcher.core.EngineExecutionOrchestrator.execute(EngineExecutionOrchestrator.java:88)&#13;
	at org.junit.platform.launcher.core.EngineExecutionOrchestrator.lambda$execute$0(EngineExecutionOrchestrator.java:54)&#13;
	at org.junit.platform.launcher.core.EngineExecutionOrchestrator.withInterceptedStreams(EngineExecutionOrchestrator.java:67)&#13;
	at org.junit.platform.launcher.core.EngineExecutionOrchestrator.execute(EngineExecutionOrchestrator.java:52)&#13;
	at org.junit.platform.launcher.core.DefaultLauncher.execute(DefaultLauncher.java:114)&#13;
	at org.junit.platform.launcher.core.DefaultLauncher.execute(DefaultLauncher.java:95)&#13;
	at org.junit.platform.launcher.core.DefaultLauncherSession$DelegatingLauncher.execute(DefaultLauncherSession.java:91)&#13;
	at org.junit.platform.launcher.core.SessionPerRequestLauncher.execute(SessionPerRequestLauncher.java:60)&#13;
	at org.eclipse.jdt.internal.junit5.runner.JUnit5TestReference.run(JUnit5TestReference.java:100)&#13;
	at org.eclipse.jdt.internal.junit.runner.TestExecution.run(TestExecution.java:40)&#13;
	at org.eclipse.jdt.internal.junit.runner.RemoteTestRunner.runTests(RemoteTestRunner.java:529)&#13;
	at org.eclipse.jdt.internal.junit.runner.RemoteTestRunner.runTests(RemoteTestRunner.java:756)&#13;
	at org.eclipse.jdt.internal.junit.runner.RemoteTestRunner.run(RemoteTestRunner.java:452)&#13;
	at org.eclipse.jdt.internal.junit.runner.RemoteTestRunner.main(RemoteTestRunner.java:210)&#13;
Caused by: org.springframework.beans.BeanInstantiationException: Failed to instantiate [org.springframework.test.context.cache.DefaultCacheAwareContextLoaderDelegate]: Constructor threw exception; nested exception is java.lang.NoClassDefFoundError: org/springframework/core/io/support/SpringFactoriesLoader$FailureHandler&#13;
	at org.springframework.beans.BeanUtils.instantiateClass(BeanUtils.java:224)&#13;
	at org.springframework.beans.BeanUtils.instantiateClass(BeanUtils.java:146)&#13;
	at org.springframework.beans.BeanUtils.instantiateClass(BeanUtils.java:176)&#13;
	at org.springframework.test.context.BootstrapUtils.createCacheAwareContextLoaderDelegate(BootstrapUtils.java:101)&#13;
	... 54 more&#13;
Caused by: java.lang.NoClassDefFoundError: org/springframework/core/io/support/SpringFactoriesLoader$FailureHandler&#13;
	at org.springframework.test.context.cache.DefaultCacheAwareContextLoaderDelegate.&lt;init&gt;(DefaultCacheAwareContextLoaderDelegate.java:75)&#13;
	at org.springframework.test.context.cache.DefaultCacheAwareContextLoaderDelegate.&lt;init&gt;(DefaultCacheAwareContextLoaderDelegate.java:109)&#13;
	at org.springframework.test.context.cache.DefaultCacheAwareContextLoaderDelegate.&lt;init&gt;(DefaultCacheAwareContextLoaderDelegate.java:98)&#13;
	at java.base/jdk.internal.reflect.NativeConstructorAccessorImpl.newInstance0(Native Method)&#13;
	at java.base/jdk.internal.reflect.NativeConstructorAccessorImpl.newInstance(NativeConstructorAccessorImpl.java:77)&#13;
	at java.base/jdk.internal.reflect.DelegatingConstructorAccessorImpl.newInstance(DelegatingConstructorAccessorImpl.java:45)&#13;
	at java.base/java.lang.reflect.Constructor.newInstanceWithCaller(Constructor.java:499)&#13;
	at java.base/java.lang.reflect.Constructor.newInstance(Constructor.java:480)&#13;
	at org.springframework.beans.BeanUtils.instantiateClass(BeanUtils.java:211)&#13;
	... 57 more&#13;
Caused by: java.lang.ClassNotFoundException: org.springframework.core.io.support.SpringFactoriesLoader$FailureHandler&#13;
	at java.base/jdk.internal.loader.BuiltinClassLoader.loadClass(BuiltinClassLoader.java:641)&#13;
	at java.base/jdk.internal.loader.ClassLoaders$AppClassLoader.loadClass(ClassLoaders.java:188)&#13;
	at java.base/java.lang.ClassLoader.loadClass(ClassLoader.java:520)&#13;
	... 66 more&#13;
&#13;
</error>
    <testcase name="testDeleteEmployee" classname="com.mouhcine.SpringBootAPiEmployeeManagement.SpringBootAPiEmployeeManagementApplicationTests" incomplete="true" displayname="testDeleteEmployee()" uniqueid="[engine:junit-jupiter]/[class:com.mouhcine.SpringBootAPiEmployeeManagement.SpringBootAPiEmployeeManagementApplicationTests]/[method:testDeleteEmployee()]"/>
    <testcase name="testGetEmployee" classname="com.mouhcine.SpringBootAPiEmployeeManagement.SpringBootAPiEmployeeManagementApplicationTests" incomplete="true" displayname="testGetEmployee()" uniqueid="[engine:junit-jupiter]/[class:com.mouhcine.SpringBootAPiEmployeeManagement.SpringBootAPiEmployeeManagementApplicationTests]/[method:testGetEmployee()]"/>
    <testcase name="testIndex" classname="com.mouhcine.SpringBootAPiEmployeeManagement.SpringBootAPiEmployeeManagementApplicationTests" incomplete="true" displayname="testIndex()" uniqueid="[engine:junit-jupiter]/[class:com.mouhcine.SpringBootAPiEmployeeManagement.SpringBootAPiEmployeeManagementApplicationTests]/[method:testIndex()]"/>
    <testcase name="testGetEmployees" classname="com.mouhcine.SpringBootAPiEmployeeManagement.SpringBootAPiEmployeeManagementApplicationTests" incomplete="true" displayname="testGetEmployees()" uniqueid="[engine:junit-jupiter]/[class:com.mouhcine.SpringBootAPiEmployeeManagement.SpringBootAPiEmployeeManagementApplicationTests]/[method:testGetEmployees()]"/>
    <testcase name="testUpdateEmployee" classname="com.mouhcine.SpringBootAPiEmployeeManagement.SpringBootAPiEmployeeManagementApplicationTests" incomplete="true" displayname="testUpdateEmployee()" uniqueid="[engine:junit-jupiter]/[class:com.mouhcine.SpringBootAPiEmployeeManagement.SpringBootAPiEmployeeManagementApplicationTests]/[method:testUpdateEmployee()]"/>
    <testcase name="contextLoads" classname="com.mouhcine.SpringBootAPiEmployeeManagement.SpringBootAPiEmployeeManagementApplicationTests" incomplete="true" displayname="contextLoads()" uniqueid="[engine:junit-jupiter]/[class:com.mouhcine.SpringBootAPiEmployeeManagement.SpringBootAPiEmployeeManagementApplicationTests]/[method:contextLoads()]"/>
  </testsuite>
</testrun>
